<?xml version="1.0" encoding="UTF-8"?>
<!-- Generated by org.testng.reporters.JUnitReportReporter -->
<testsuite skipped="0" hostname="ZIL357" name="TestNG.ReporterLog" tests="1" failures="0" timestamp="30 Oct 2018 10:46:18 GMT" time="6.806" errors="0">
  <testcase name="log" time="6.806" classname="TestNG.ReporterLog"/>
</testsuite> <!-- TestNG.ReporterLog -->
