<?xml version="1.0" encoding="UTF-8"?>
<!-- Generated by org.testng.reporters.JUnitReportReporter -->
<testsuite skipped="0" hostname="ZIL357" name="Newpractice.FailedtestSS" tests="1" failures="0" timestamp="29 Oct 2018 12:12:22 GMT" time="15.205" errors="0">
  <testcase name="FailedtestSS" time="15.205" classname="Newpractice.FailedtestSS"/>
</testsuite> <!-- Newpractice.FailedtestSS -->
