<?xml version="1.0" encoding="UTF-8"?>
<!-- Generated by org.testng.reporters.JUnitReportReporter -->
<testsuite skipped="0" hostname="ZIL357" name="TestNG.Parameterstest" tests="1" failures="0" timestamp="03 Jan 2019 12:30:02 GMT" time="0.011" errors="0">
  <testcase name="test1" time="0.011" classname="TestNG.Parameterstest"/>
</testsuite> <!-- TestNG.Parameterstest -->
