<?xml version="1.0" encoding="UTF-8"?>
<!-- Generated by org.testng.reporters.JUnitReportReporter -->
<testsuite skipped="0" hostname="ZIL357" name="TestNG.GroupingTestNG" tests="2" failures="0" timestamp="03 Jan 2019 11:50:05 GMT" time="0.014" errors="0">
  <testcase name="test2" time="0.004" classname="TestNG.GroupingTestNG"/>
  <testcase name="test1" time="0.010" classname="TestNG.GroupingTestNG"/>
</testsuite> <!-- TestNG.GroupingTestNG -->
