<?xml version="1.0" encoding="UTF-8"?>
<!-- Generated by org.testng.reporters.JUnitReportReporter -->
<testsuite skipped="0" hostname="ZIL357" name="Advance.POMPagefactorytest" tests="1" failures="0" timestamp="05 Nov 2018 12:20:35 GMT" time="26.223" errors="0">
  <testcase name="fordlogin" time="26.223" classname="Advance.POMPagefactorytest"/>
</testsuite> <!-- Advance.POMPagefactorytest -->
