<?xml version="1.0" encoding="UTF-8"?>
<!-- Generated by org.testng.reporters.JUnitReportReporter -->
<testsuite skipped="0" hostname="ZIL357" name="TestNG.TestNGReports" tests="3" failures="0" timestamp="30 Oct 2018 07:21:57 GMT" time="0.016" errors="0">
  <testcase name="second" time="0.002" classname="TestNG.TestNGReports"/>
  <testcase name="first" time="0.003" classname="TestNG.TestNGReports"/>
  <testcase name="Third" time="0.011" classname="TestNG.TestNGReports"/>
</testsuite> <!-- TestNG.TestNGReports -->
