<?xml version="1.0" encoding="UTF-8"?>
<!-- Generated by org.testng.reporters.JUnitReportReporter -->
<testsuite skipped="0" hostname="ZIL357" name="TestNG.DataProviderTestNG" tests="2" failures="0" timestamp="03 Jan 2019 10:58:40 GMT" time="0.008" errors="0">
  <testcase name="runtestdata" time="0.001" classname="TestNG.DataProviderTestNG"/>
  <testcase name="runtestdata" time="0.007" classname="TestNG.DataProviderTestNG"/>
</testsuite> <!-- TestNG.DataProviderTestNG -->
